28
bg_cd001.arc,[CUSTOM MAID VOCAL COLLECTION] [Music Dress Set & Vocal Collection Desktop Item]
bg_cd002.arc,[CUSTOM ORDER MAID VOCAL COLLECTION] [Groove Dress Set & Vocal Collection 2 Desktop Item]
parts_cd003.arc,[CUSTOM ORDER MAID VOCAL COLLECTION] [Sound Dress Set]
bg_denkigai2018s.arc,[Denkigai 2018 Summer Item Set] [Event Version]
bg_denkigai2018w.arc,[Denkigai 2018 Winter Item Set] [Event Version]
bg_denkigai2018wpcard.arc,[Denkigai 2018 Winter] [Gift Card]
bg_denkigai2019s.arc,[Denkigai 2019 Summer Item Set] [Event Version]
bg_denkigai2019w.arc,[Denkigai 2019 Winter Item Set] [Event Version]
csv_2ndanniversary.arc,[COM3D2 2nd Anniversary H-Event]
csv_3d21reserve.arc,[Grade Up Reservation Campaign Vol.1]
csv_3d21reserve2.arc,[Grade Up Reservation Campaign Vol.2] [Mainly Priority Dance]
csv_april2020.arc,[A.K.Pack Trial Version]
csv_bugbug003.arc,[BugBug Yotogi Class Skills]
csv_charaevent001.arc,[COM3D2 Shop] [Event Add-on Pack Vol.01]
csv_charaevent002.arc,[COM3D2 Shop] [Event Add-on Pack Vol.02]
csv_charaevent002ntr.arc,[COM3D2 Shop] [Event Add-on Pack Vol.02 NTR]
csv_charaevent003.arc,[COM3D2 Shop] [Event Add-on Pack Vol.03]
csv_charaevent003ntr.arc,[COM3D2 Shop] [Event Add-on Pack Vol.03 NTR]
csv_charaevent004.arc,[COM3D2 Shop] [Event Add-on Pack Vol.04]
csv_charaevent004ntr.arc,[COM3D2 Shop] [Event Add-on Pack Vol.04 NTR]
csv_charaevent005.arc,[COM3D2 Shop] [Event Add-on Pack Vol.05]
csv_charaevent005ntr.arc,[COM3D2 Shop] [Event Add-on Pack Vol.05 NTR]
csv_charaevent006.arc,[COM3D2 Shop] [Event Add-on Pack Vol.06]
csv_charaevent006ntr.arc,[COM3D2 Shop] [Event Add-on Pack Vol.06 NTR]
csv_charaevent007.arc,[COM3D2 Shop] [Event Add-on Pack Vol.07]
csv_charaevent007ntr.arc,[COM3D2 Shop] [Event Add-on Pack Vol.07 NTR]
csv_charaevent008.arc,[COM3D2 Shop] [Event Add-on Pack Vol.08]
csv_charaevent008ntr.arc,[COM3D2 Shop] [Event Add-on Pack Vol.08 NTR]
csv_charaevent009.arc,[COM3D2 Shop] [Event Add-on Pack Vol.09]
csv_charaevent009ntr.arc,[COM3D2 Shop] [Event Add-on Pack Vol.09 NTR]
csv_charaevent010.arc,[COM3D2 Shop] [Event Add-on Pack Vol.10]
csv_charaevent011.arc,[COM3D2 Shop] [Event Add-on Pack Vol.11]
csv_charaevent012.arc,[COM3D2 Shop] [Event Add-on Pack Vol.12]
csv_charaevent012add.arc,[COM3D2 Shop] [Event Add-on Pack Vol.12 Extra]
csv_charaevent013.arc,[COM3D2 Shop] [Event Add-on Pack Vol.13]
csv_charaevent013add.arc,[COM3D2 Shop] [Event Add-on Pack Vol.13 Extra]
csv_charaevent014.arc,[COM3D2 Shop] [Event Add-on Pack Vol.14]
csv_charaevent014add.arc,[COM3D2 Shop] [Event Add-on Pack Vol.14 Extra]
csv_cw001.arc,[COM3D2 Shop] [Costume + Shopping Set Vol.1]
csv_cw002.arc,[COM3D2 Shop] [Costume + Shopping Set Vol.2]
csv_cw003.arc,[COM3D2 Shop] [Costume + Shopping Set Vol.3]
bg_sp001.arc,[COM3D2 Append] [Summer 2018 Season Pack]
bg_sp002.arc,[COM3D2 Append] [Autumn 2018 Season Pack]
bg_sp003.arc,[COM3D2 Append] [Winter 2018 Season Pack]
bg_sp004.arc,[COM3D2 Append] [Spring 2019 Season Pack]
bg_sp005.arc,[COM3D2 Append] [Summer 2019 Date Pack]
bg_sp006.arc,[COM3D2 Append] [Winter 2019 Date Pack]
bg_cw004.arc,[COM3D2 Append] [Spring 2020 Date Pack]
csv_nekoparataiyo.arc,[COM3D2 Shop] [NEKO WORKs - Taiyou Paradise Dance] 
csv_nmfeng.arc,[COM3D2 Shop] [Dance - Night Magic Fire (English ver.)]
csv_dance_hhs.arc,[COM3D2 Shop] [Dance - Happy!Happy!Scandal!]
csv_dance_reg.arc,[COM3D2 Shop] [Tears of Regulus - Dance & Event Pack]
csv_senkyo001.arc,[COM3D2 Shop] [1st only you - Dance & Event Pack]
csv_dance_smt.arc,[COM3D2 Shop] [Dance - Stellar My Tears]
csv_dance_sse.arc,[COM3D2 Shop] [Dance - Sweet sweet everyday]
csv_candygirl.arc,[COM3D2 Shop] [Dance - Candy Girl]
csv_canknowtwoclose.arc,[COM3D2 Shop] [Dance - Can Know Two Close]
csv_denkigai2017wPoster3d21.arc,[Denkigai 2017 Winter] [COM3D2 Poster]
csv_denkigai2017wPosterStarter.arc,[Denkigai 2017 Winter] [COM3D2 Starter Pack Poster]
csv_denkigai2017wPosterkaraoke002.arc,[Denkigai 2017 Winter] [Karaoke Pack VR 2 Poster]
csv_denkigai2017wkey3.arc,[Denkigai 2017 Winter] [Gift Card]
csv_denkigai2018scd.arc,[Denkigai 2018 Summer] [NTR Drama CD]
csv_denkigai2018spostercm3d2com3d2.arc,[Denkigai 2018 Summer] [COM3D2&CM3D2 WPack Poster]
csv_denkigai2018sposterhubs2.arc,[Denkigai 2018 Summer] [Chu-B Lip S2 Poster]
csv_denkigai2018spostermukuti.arc,[Denkigai 2018 Summer] [Bookworm Personality Pack Poster]
csv_denkigai2018sposteryandere.arc,[Denkigai 2018 Summer] [Yandere Personality Pack Poster]
csv_denkigai2018srecord.arc,[Denkigai 2018 Summer] [Analog Record]
csv_denkigai2018ssposter1.arc,[Denkigai 2018 Summer] [Bookworm Slim Poster]
csv_denkigai2018w.arc,[Denkigai 2018 Winter] [Item Set] [Event Version]
csv_denkigai2018wpcard.arc,[Denkigai 2018 Winter] [Gift Card]
csv_denkigai2019s.arc,[Denkigai 2019 Summer] [Item Set]
csv_denkigai2019sbara.arc,[Denkigai 2019 Summer] [Queen Rose Whip + Yotogi Skill]
csv_denkigai2019ssposter3.arc,[Denkigai 2019 Summer] [Stick Poster] [Wary]
csv_denkigai2019w.arc,[Denkigai 2019 Winter] [Item Set]
csv_denkigai2019wposter.arc,[Denkigai 2019 Winter] [Ojousama Personality Pack Poster]
csv_dlc305.arc,[COM3D2 Shop] [Giga - Ai Kiss Dance and Cafe Set]
csv_exm001.arc,[COM3D2 Shop] [Extra Maid Collection]
csv_karaoke001.arc,[COM3D2 Append] [CM3D2 Karaoke Pack VR Vol.1]
csv_karaoke002.arc,[COM3D2 Append] [CM3D2 Karaoke Pack VR Vol.2]
csv_karaoke003.arc,[COM3D2 Append] [COM3D2 Karaoke Pack VR Vol.1]
csv_karaoke004.arc,[COM3D2 Append] [COM3D2 Karaoke Pack VR Vol.2]
csv_karaoke005.arc,[COM3D2 Append] [COM3D2 Karaoke Pack VR Vol.3]
csv_karaoke006.arc,[COM3D2 Append] [COM3D2 Karaoke Pack VR Vol.4]
csv_kissnohi001.arc,[Kissing Day Plugin]
csv_maidnohi001.arc,[Maid's Day Plugin]
csv_old.arc,[COM3D2 Compatible Update Patch]
csv_oldplus001.arc,[COM3D2 Shop] [Yotogi & H-Events Pack] [Innocent]
csv_oldplus002.arc,[COM3D2 Shop] [Relationship & H-Events Pack] [Tsundere]
csv_oldplus003.arc,[COM3D2 Shop] [Relationship & H-Events Pack] [Kuudere]
csv_oldplus004.arc,[COM3D2 Shop] [Relationship & H-Events Pack] [Yandere]
csv_oldplus005.arc,[COM3D2 Shop] [Relationship & H-Events Pack] [Oneechan]
csv_omytgc001.arc,[COM3D2 Shop] [Yotogi Class Skills Vol.19]
csv_omytgc002.arc,[COM3D2 Shop] [Yotogi Class Skills Vol.20]
csv_omytgc003.arc,[COM3D2 Shop] [Yotogi Class Skills Vol.21]
csv_omytgc004.arc,[COM3D2 Shop] [Yotogi Class Skills Vol.22]
csv_omytgc005.arc,[COM3D2 Shop] [Yotogi Class Skills Vol.23]
csv_omytgc006.arc,[COM3D2 Shop] [Yotogi Class Skills Vol.24]
csv_omytgc007.arc,[COM3D2 Shop] [Yotogi Class Skills Vol.25]
csv_omytgc008.arc,[COM3D2 Shop] [Yotogi Class Skills Vol.26]
csv_omytgc009.arc,[COM3D2 Shop] [Yotogi Class Skills Vol.27]
csv_omytgc010.arc,[COM3D2 Shop] [Yotogi Class Skills Vol.28]
csv_omytgc011.arc,[COM3D2 Shop] [Yotogi Class Skills Vol.29]
csv_omytgc012.arc,[COM3D2 Shop] [Yotogi Class Skills Vol.30]
csv_omytgc013.arc,[COM3D2 Shop] [Yotogi Class Skills Vol.31]
csv_omytgc014.arc,[COM3D2 Shop] [Yotogi Class Skills Vol.32]
csv_omytgc015.arc,[COM3D2 Shop] [Yotogi Class Skills Vol.33]
csv_senkyo001.arc,[COM3D2 Shop] [1st only you - Dance & Event Pack]
csv_vp001.arc,[COM3D2 Append] [Visual Pack for Disc] [*CM3D2 VP]
csv_soukiyoyaku.arc,[COM3D2 Early Reservation Campaign Fancy Paper]
motion_magazine003.arc,[COM3D2 Append] [Fanbook 3 - Sakura Uraraka Dance Song and Costume]
parts_3d21reserve.arc,[COM3D2 Grade Up Reservation Campaign Vol. 1]
parts_bcc.arc,[BitCash Collaboration Set Vol.1]
parts_bcc3.arc,[BitCash Collaboration Set Vol.2]
parts_bugbug002.arc,[BugBug Lingerie Set]
parts_cas003.arc,[COM3D2 Shop] [Custom Made 3D2 Costume Pack Vol. 1]
parts_dlc311.arc,[COM3D2 Shop] [Custom Made 3D2 Costume Pack Vol. 2]
parts_cw003.arc,[COM3D2 Shop] [Custom Made 3D2 Costume Pack Vol. 3]
parts_dlc314.arc,[COM3D2 Shop] [Custom Made 3D2 Costume Pack Vol. 4]
parts_dlc320.arc,[COM3D2 Shop] [Custom Made 3D2 Costume Pack Vol. 5]
parts_cas009.arc,[COM3D2 Shop] [Custom Made 3D2 Costume Pack Vol. 6]
parts_dlc323.arc,[COM3D2 Shop] [Custom Made 3D2 Costume Pack Vol. 7]
parts_dlc327.arc,[COM3D2 Shop] [Custom Made 3D2 Costume Pack Vol. 8]
parts_com3d2cbp.arc,[COM3D2 Chu-B Maid Clothes Set Vol.2]
parts_denkigai2018syosikoshirt.arc,[Denkigai 2018 Summer] [Yoshiko T-shirt]
parts_denkigai2018wmumuta.arc,[Denkigai 2018 Winter] [Mumuta Costume Set]
parts_denkigai2019smumuta.arc,[Denkigai 2019 Summer] [Mumuta Costume Set 2]
parts_dlc209.arc,[COM3D2 Shop] [Pixel Mint - Paradise Ocean Character Set]
parts_dlc211.arc,[COM3D2 Shop] [ensemble - Koihana Character Set]
parts_dlc214.arc,[COM3D2 Shop] [Alicesoft - Rance 10 Character Set] Limited Edition
parts_dlc218.arc,[COM3D2 Shop] [ANIM - Kabe Tsuma 2]
parts_dlc220.arc,[COM3D2 Shop] [yuzusoft - Riddle Joker Character Set] [Limited Edition]
parts_dlc225.arc,[COM3D2 Shop] [F&C - Suigetsu Character Set]
parts_dlc227.arc,[COM3D2 Shop] [alumisoft - Wanko no Yomeiri Character Set] [Limited Edition]
parts_dlc231.arc,[COM3D2 Shop] [Madosoft - Raspberry Cube Full Set] [Limited Edition]
parts_dlc235.arc,[COM3D2 Shop] [Nitroplus - Minikui Mojika no Ko Character Set] [Limited Edition]
parts_dlc240.arc,[COM3D2 Shop] [Laplacian - Mirai Radio to Jinkou-bato Character Set] [Limited Edition]
parts_dlc245.arc,[COM3D2 Shop] [Kin iro Loveriche -Golden Time-] [Limited Edition]
parts_dlc248.arc,[COM3D2 Shop] [CRYSTALiA - Mekuiro -Tsubaki Renka- Set] [Limited Edition]
parts_dlc252.arc,[COM3D2 Shop] [Alicesoft - Evenicle 2 Character Set]
parts_dlc256.arc,[COM3D2 Shop] [Clochette - Kokorone=Pendulum! Character Swimsuit and Uniform Set]
parts_dlc267ns.arc,[COM3D2 Shop] [Clochette - Kokorone=Pendulum! Character Normal Outfit Set]
parts_dlc274.arc,[COM3D2 Shop] [alumisoft - Wanko no Yomeiri 2 Character Set] [Limited Edition]
parts_dlc277.arc,[COM3D2 Shop] [August - Iris Mysteria Character Set] [Limited Edition]
parts_dlc279.arc,[COM3D2 Shop] [August - Iris Mysteria Character Set] [Chris Costume Set]
parts_dlc287.arc,[COM3D2 Shop] [NEKO WORKs - Nekopara Vol.4 Character Set]
parts_dlc300.arc,[COM3D2 Shop] [Kunoichi Set]
parts_dlc301.arc,[COM3D2 Shop] [Giga - Ai Kiss Character Set]
parts_dlc306.arc,[COM3D2 Shop] [SSL Japan - Love Vibe Set]
parts_dlc307.arc,[COM3D2 Shop] [AUGUST - Iris Mysteria Character Set 2] [Limited Edition]
parts_dlc309.arc,[COM3D2 Shop] [AUGUST - Iris Mysteria Character Set 2] [Koto Costume Set]
parts_dlc318.arc,[COM3D2 Shop] [Pajama EX - Saikou ni Tsugou no Ii Paizuri Jouzu no Mari-san Character Set] 
parts_dlc326.arc,[COM3D2 Shop] [Pajama EX - Boku to Sensei no Nyuuin Seikatsu Character Set] 
parts_ggcc.arc,[GoGo Curry Collaboration Costume Set]
parts_kissevent2018.arc,[COM3D2 Shop] [KISS Event 2018 March Item Set]
parts_kissevent2018_2.arc,[COM3D2 Shop] [KISS Event 2018 - KISS 20th Anniversary Memorial Book Desktop Item]
parts_maidcafec.arc,[Cafe Mailish Collaboration Maid Set]
parts_maidcafec2.arc,[Cafe Mailish Collaboration Maid Set II]
parts_maidcafec3.arc,[Cafe Mailish Collaboration Maid Set III]
parts_nijiyomec.arc,[DLSite Bonus] [Nijiyomechan Costume Set]
parts_oldplus002hair1.arc,[COM3D2 Shop] [Relationship & H-Events Pack] [Tsundere Hair Set] 
parts_oldplus003hair1.arc,[COM3D2 Shop] [Relationship & H-Events Pack] [Kuudere Hair Set] 
parts_oldplus004hair1.arc,[COM3D2 Shop] [Relationship & H-Events Pack] [Yandere Hair Set] 
parts_oldplus005hair1.arc,[COM3D2 Shop] [Relationship & H-Events Pack] [Oneechan Hair Set] 
parts_oldplus007hair1.arc,[COM3D2 Append] [COM3D2 GP-01 Compatibility Pack] [Ladylike Hair Set]
parts_cas007.arc,[COM3D2 Shop] [Event Add-on Pack Vol.13] [Additional Outfit Set]
parts_cas016.arc,[COM3D2 Shop] [Event Add-on Pack Vol.14] [Additional Outfit Set]
parts_shop011.arc,[Pre-Order Bonus 01] [Fabulous Madame + Frau Maid Set]
parts_shop016.arc,[Pre-Order Bonus 06] [Riding Hood Set]
parts_shop017.arc,[Pre-Order Bonus 05] [Fancy Angel Set]
parts_shop018.arc,[Pre-Order Bonus 02] [Cowgirl Set]
parts_shop019.arc,[Pre-Order Bonus 04] [Highleg Knight Set]
parts_shop020.arc,[Pre-Order Bonus 03] [Melonchan Costume Set]
parts_shop021.arc,[GP01 Pre-Order Bonus] [Sexy Tail Dress Set]
parts_shop022.arc,[Pre-Order Bonus] [Nutaku]
parts_tech003.arc,[Tech Gian Bonus] [Favorite - Sakura Moyu Kuro Narikiri Collaboration Set]
parts_tech004.arc,[Tech Gian Bonus] [Madosoft - Raspberry Cube Ruri Uniform Set]
parts_vac001.arc,[Tech Gian] [Voice Actress Concerto]
parts_vac002.arc,[Tech Gian] [Voice Actress Concerto 2]
voice_exm001.arc,[COM3D2 Shop] [Extra Maid Collection]
voice_gp001.arc,[COM3D2 Append] [GP01]
voice_gp001fb.arc,[COM3D2 Append] [GP01 FB]
csv_personal_om003_gp001.arc,[COM3D2 Append] [COM3D2 GP-01 Compatibility Pack] [Ladylike]
voice_gp002.arc,[COM3D2 Append] [GP02]
voice_gp002p1.arc,[COM3D2 Append] [GP02] [Additional Update 1.5]
voice_gp002p2.arc,[COM3D2 Append] [GP02] [Additional Update 2.0]
voice_gp002p3.arc,[COM3D2 Append] [GP02] [Additional Update 3.0]
voice_gp002p4.arc,[COM3D2 Append] [GP02] [Additional Update 4.0]
voice_gp002p5.arc,[COM3D2 Append] [GP02] [Additional Update 5.0]
voice_ordermade001.arc,[COM3D2 Shop] [Transfer Pack] [Yandere]
voice_ordermade001_solo.arc,[COM3D2 Shop] [Personality and Transfer Pack] [Yandere]
voice_ordermade002.arc,[COM3D2 Shop] [Transfer Pack] [Oneechan]
voice_ordermade002_solo.arc,[COM3D2 Shop] [Personality and Transfer Pack] [Oneechan]
voice_ordermade003.arc,[COM3D2 Shop] [Transfer Pack] [Genki]
voice_ordermade003_solo.arc,[COM3D2 Shop] [Personality and Transfer Pack] [Genki]
voice_ordermade004.arc,[COM3D2 Shop] [Transfer Pack] [Sadist]
voice_ordermade004_solo.arc,[COM3D2 Shop] [Personality and Transfer Pack] [Sadist]
voice_personal_om001.arc,[COM3D2 Shop] [Personality Pack Vol.1] [Bookworm]
voice_personal_om001plus.arc,[COM3D2 Shop] [Yotogi & H-Events Pack] [Bookworm]
voice_personal_om002.arc,[COM3D2 Shop] [Personality Pack Vol.2] [Koakuma]
voice_personal_om002plus.arc,[COM3D2 Shop] [Yotogi & H-Events Pack] [Koakuma]
voice_personal_om003.arc,[COM3D2 Shop] [Personality Pack Vol.3] [Anesan]
voice_personal_om003plus.arc,[COM3D2 Shop] [Yotogi & H-Events Pack] [Anesan]
voice_personal_om004.arc,[COM3D2 Shop] [Personality Pack Vol.4] [Secretary]
voice_personal_om004plus.arc,[COM3D2 Shop] [Yotogi & H-Events Pack] [Secretary]
voice_personal_om005.arc,[COM3D2 Shop] [Personality Pack Vol.5] [Imouto]
voice_personal_om005plus.arc,[COM3D2 Shop] [Yotogi & H-Events Pack] [Imouto]
voice_personal_om006.arc,[COM3D2 Shop] [Personality Pack Vol.6] [Wary]
voice_personal_om006plus.arc,[COM3D2 Shop] [Yotogi & H-Events Pack] [Buaisou]
voice_personal_om007.arc,[COM3D2 Shop] [Personality Pack Vol.7] [Ojousama]
voice_personal_om007plus.arc,[COM3D2 Shop] [Yotogi & H-Events Pack] [Ojousama]
voice_personal_om008.arc,[COM3D2 Shop] [Personality Pack Vol.8] [Childhood Friend]
csv_yomeidokanteidan_sticker.arc,[S-Court CR Shop] [Sticker]
csv_yomeidokanteidan_bromide.arc,[S-Court CR Shop] [Bromide]
csv_yomeidokanteidan_portrait.arc,[S-Court CR Shop] [Portrait]
csv_yomeidokanteidan_nicepot.arc,[S-Court CR Shop] [Nice Pot]
csv_yomeidokanteidan_nicescroll.arc,[S-Court CR Shop] [Nice Scroll]
csv_yomeidokanteidan_swordset.arc,[S-Court CR Shop] [Masters Sword]
csv_yomeidokanteidan_coaster.arc,[S-Court CR Shop] [Uncle Coaster]
csv_yomeidokanteidan_minimat.arc,[S-Court CR Shop] [Uncle Mat]
parts_yomeidokanteidan_accset.arc,[S-Court CR Shop] [Jewelry and Accessories]
parts_yomeidokanteidan_accset_b.arc,[S-Court CR Shop] [Luxurious Piercings]
parts_yomeidokanteidan_bladeset.arc,[S-Court CR Shop] [Katana]
parts_yomeidokanteidan_realguneset.arc,[S-Court CR Shop] [Luxurious Real Gun Set]
parts_yomeidokanteidan_superguneset.arc,[S-Court CR Shop] [Luxurious Fantasy Gun Set]
parts_yomeidokanteidan_legendmaid.arc,[S-Court CR Shop] [Legendary Maid Set]
parts_yomeidokanteidan_appraiser.arc,[S-Court CR Shop] [Appraiser Set]
parts_yomeidokanteidan_tshirt.arc,[S-Court CR Shop] [T-Shirt]
parts_yomeidokanteidan2_queendevilmaid.arc,[S-Court CR Shop] [Queen Devil Maid]
parts_yomeidokanteidan2_godmaid.arc,[S-Court CR Shop] [Goddess Maid]
csv_crshop001.arc,[S-Court CR Shop] [Mini Events Set Vol.1]
csv_crshop002.arc,[S-Court CR Shop] [Mini Events Set Vol.2]
csv_crshop003.arc,[S-Court CR Shop] [Mini Events Set Vol.3]
csv_crshop004.arc,[S-Court CR Shop] [NPC Mini Events Set]
