0
GameData\parts_shop011.arc,[Pre-Order Bonus 01] [Fabulous Madame + Frau Maid Set]
GameData\parts_shop018.arc,[Pre-Order Bonus 02] [Cowgirl Set]
GameData\parts_shop020.arc,[Pre-Order Bonus 03] [Melonchan Costume Set]
GameData\parts_shop019.arc,[Pre-Order Bonus 04] [Highleg Knight Set]
GameData\parts_shop017.arc,[Pre-Order Bonus 05] [Fancy Angel Set]
GameData\parts_shop016.arc,[Pre-Order Bonus 06] [Riding Hood Set]
GameData\parts_shop021.arc,[GP01 Pre-Order Bonus] [Sexy Tail Dress Set]
,[COM3D2 Append] [Visual Pack]
GameData\motion_magazine003.arc,[COM3D2 Append] [Fanbook 3 - Sakura Uraraka Dance Song and Costume]
GameData\voice_gp001.arc,[COM3D2 Append] [GP01]
GameData\csv_karaoke001.arc,[COM3D2 Append] [CM3D2 Karaoke Pack VR Vol.1]
GameData\csv_karaoke002.arc,[COM3D2 Append] [CM3D2 Karaoke Pack VR Vol.2]
GameData\csv_karaoke003.arc,[COM3D2 Append] [COM3D2 Karaoke Pack VR Vol.1]
GameData\csv_karaoke004.arc,[COM3D2 Append] [COM3D2 Karaoke Pack VR Vol.2]
GameData\voice_personal_om001.arc,[COM3D2 Shop] [Personality Add-on] [Bookworm]
GameData\voice_personal_om002.arc,[COM3D2 Shop] [Personality Add-on] [Koakuma]
GameData\voice_personal_om003.arc,[COM3D2 Shop] [Personality Add-on] [Anesan]
GameData\voice_personal_om004.arc,[COM3D2 Shop] [Personality Add-on] [Secretary]
GameData\voice_personal_om005.arc,[COM3D2 Shop] [Personality Add-on] [Imouto]
GameData\voice_ordermade001.arc,[COM3D2 Shop] [Transfer Pack] [Yandere]
GameData\voice_ordermade002.arc,[COM3D2 Shop] [Transfer Pack] [Oneechan]
GameData\voice_ordermade003.arc,[COM3D2 Shop] [Transfer Pack] [Genki]
GameData\voice_ordermade004.arc,[COM3D2 Shop] [Transfer Pack] [Sadist]
GameData\csv_charaevent001.arc,[COM3D2 Shop] [Event Add-on Pack Vol.1]
GameData\csv_charaevent002.arc,[COM3D2 Shop] [Event Add-on Pack Vol.2]
GameData\csv_charaevent003.arc,[COM3D2 Shop] [Event Add-on Pack Vol.3]
GameData\csv_charaevent004.arc,[COM3D2 Shop] [Event Add-on Pack Vol.4]
GameData\csv_charaevent005.arc,[COM3D2 Shop] [Event Add-on Pack Vol.5]
GameData\csv_charaevent006.arc,[COM3D2 Shop] [Event Add-on Pack Vol.6]
GameData\csv_charaevent007.arc,[COM3D2 Shop] [Event Add-on Pack Vol.7]
GameData\csv_personal_om001plus.arc,[COM3D2 Shop] [Yotogi & H-event Add-on Pack] [Bookworm]
GameData\csv_personal_om002plus.arc,[COM3D2 Shop] [Yotogi & H-event Add-on Pack] [Koakuma]
GameData\csv_personal_om003plus.arc,[COM3D2 Shop] [Yotogi & H-event Add-on Pack] [Anesan]
GameData\csv_omytgc001.arc,[COM3D2 Shop] [Yotogi Class Skills Vol.19]
GameData\csv_omytgc002.arc,[COM3D2 Shop] [Yotogi Class Skills Vol.20]
GameData\csv_omytgc003.arc,[COM3D2 Shop] [Yotogi Class Skills Vol.21]
GameData\csv_omytgc004.arc,[COM3D2 Shop] [Yotogi Class Skills Vol.22]
GameData\csv_omytgc005.arc,[COM3D2 Shop] [Yotogi Class Skills Vol.23]
GameData\parts_dlc209.arc,[COM3D2 Shop] [Pixel Mint - Paradise Ocean Character Set]
GameData\parts_dlc211.arc,[COM3D2 Shop] [ensemble - Koihana Character Set]
GameData\parts_dlc214.arc,[COM3D2 Shop] [Alicesoft - Rance 10 Character Set] Limited Edition
GameData\parts_dlc252.arc,[COM3D2 Shop] [ANIM - Kabe Tsuma 2]
GameData\parts_dlc220.arc,[COM3D2 Shop] [yuzusoft - Riddle Joker Character Set] [Limited Edition]
GameData\parts_dlc225.arc,[COM3D2 Shop] [F&C - Suigetsu Character Set]
GameData\parts_dlc227.arc,[COM3D2 Shop] [alumisoft - Wanko no Yomeiri Character Set] [Limited Edition]
GameData\parts_dlc231.arc,[COM3D2 Shop] [Madosoft - Raspberry Cube Full Set] [Limited Edition]
GameData\parts_dlc235.arc,[COM3D2 Shop] [Nitroplus - Minikui Mojika no Ko Character Set] [Limited Edition]
GameData\parts_dlc240.arc,[COM3D2 Shop] [Laplacian - Mirai Radio to Jinkou-bato Character Set] [Limited Edition]
GameData\parts_dlc245.arc,[COM3D2 Shop] [Kin iro Loveriche -Golden Time-] [Limited Edition]
GameData\parts_dlc248.arc,[COM3D2 Shop] [CRYSTALiA - Mekuiro -Tsubaki Renka- Set] [Limited Edition]
GameData\parts_dlc252.arc,[COM3D2 Shop] [Alicesoft - Evenicle 2 Character Set] [Limited Edition]
GameData\parts_dlc256.arc,[COM3D2 Shop] [Clochette - Kokorone Pendulum Swimsuit and Uniform Full Set] [Limited Edition]
,[COM3D2 Shop] [Clochette - Kokorone Pendulum Normal Clothes Full Set] [Limited Edition]
GameData\bg_sp001.arc,[COM3D2 Append] [Summer 2018 Season Pack]
GameData\bg_sp002.arc,[COM3D2 Append] [Autumn 2018 Season Pack]
GameData\bg_sp003.arc,[COM3D2 Append] [Winter 2018 Season Pack]
GameData\bg_sp004.arc,[COM3D2 Append] [Spring 2019 Season Pack]
,[Denkigai 2017 Winter] [Rindere Acrylic Keychain]
,[Denkigai 2017 Winter] [Gift Card]
,[Denkigai 2017 Winter] [CM3D2 Starter Pack Poster]
,[Denkigai 2017 Winter] [COM3D2 Poster]
,[Denkigai 2017 Winter] [Karaoke Pack VR 2 Poster]
GameData\bg_denkigai2018s.arc,[Denkigai 2018 Summer Item Set] [Event Version]
,[Denkigai 2018 Summer] [Gift Card]
,[Denkigai 2018 Summer] [NTR Drama CD]
,[Denkigai 2018 Summer] [COM3D2&CM3D2 WPack Poster]
,[Denkigai 2018 Summer] [Bookworm Slim Poster]
,[Denkigai 2018 Summer] [Bookworm Personality Pack Poster]
,[Denkigai 2018 Summer] [Yoshiko TShirt]
,[Denkigai 2018 Summer] [Analog Record]
,[Denkigai 2018 Summer] [Chu-B Lip S2 Poster]
,[Denkigai 2018 Summer] [Yandere Personality Pack Poster]
GameData\bg_denkigai2018w.arc,[Denkigai 2018 Winter Item Set] [Event Version]
GameData\bg_denkigai2018wpcard.arc,[Denkigai 2018 Winter] [Gift Card]
GameData\menu_denkigai2018wmumuta.arc,[Denkigai 2018 Winter] [Mumuta Original Costume Set]
GameData\csv_3d21reserve2.arc,[Grade Up Reservation Campaign Vol.2] [Mainly Priority Dance]
GameData\csv_canknowtwoclose.arc,[KanoTsuku2 Plugin] [Can Know Two Close Dance]
GameData\csv_senkyo001.arc,[COM3D2 Shop] [1st only you - Dance & Event pack]
GameData\csv_candygirl.arc,[COM3D2 Shop] [Candy Girl Dance]
GameData\csv_exm001.arc,[COM3D2 Shop] [Extra Maid Collection]
GameData\menu_bcc.arc,[BitCash Collaboration Set]
GameData\menu_ggcc.arc,[GoGo Curry Collaboration Costume Set]
GameData\menu_maidcafec.arc,[Cafe Mailish Collaboration Maid Set]
GameData\menu_maidcafec2.arc,[Cafe Mailish Collaboration Maid Set II]
GameData\menu_bugbug002.arc,[COM3D2 & CM3D2][bugbug Lingerie]
GameData\menu_bcc.arc,[COM3D2 Early Reservation Campaign Fancy Paper]
GameData\menu_3d21reserve.arc,[COM3D2 Grade Up Reservation Campaign Vol. 1]
,[COM3D2 Shop] [KISS Event 2018 March Item Set]
GameData\menu_kissevent2018.arc,[COM3D2 Shop] [KISS Event 2018 - KISS 20th Anniversary Memorial Book Desktop Item]
GameData\parts_tech004.arc,[COM3D2 Tech Gian Promo] [Madosoft Collaboration - Raspberry Cube Uniform Set]
GameData\menu_cd001.arc,[COM3D2][CUSTOM MAID VOCAL COLLECTION] [Music Dress Set & Vocal Collection Desktop Item]
GameData\menu_cd002.arc,[COM3D2][CUSTOM ORDER MAID VOCAL COLLECTION] [Groove Dress Set & Vocal Collection 2 Desktop Item]
GameData\menu_tech003.arc,[Tech Gian Bonus] [Sakura Moyu Kuro Narikiri Collaboration Set]
GameData\csv_kissnohi001.arc,[Kissing Day Plugin]
GameData\csv_maidnohi001.arc,[Maid's Day Plugin]
GameData\parts_vac001.arc,[Tech Gian] [Voice Actress Concerto]
GameData\parts_vac002.arc,[Tech Gian] [Voice Actress Concerto 2]
,[DLSite Bonus] [Nijiyomechan Costume Set]
GameData\csv_yomeidokanteidan_sticker.arc,[S-Court CR Shop] [Sticker]
GameData\csv_yomeidokanteidan_bromide.arc,[S-Court CR Shop] [Bromide]
GameData\csv_yomeidokanteidan_portrait.arc,[S-Court CR Shop] [Portrait]
GameData\csv_yomeidokanteidan_nicepot.arc,[S-Court CR Shop] [Nice Pot]
GameData\csv_yomeidokanteidan_nicescroll.arc,[S-Court CR Shop] [Nice Scroll]
,[S-Court CR Shop] [Masters Sword]
